#
# A fatal error has been detected by the Java Runtime Environment:
#
#  Internal Error (os_windows_x86.cpp:149), pid=4832, tid=9484
#  guarantee(result == EXCEPTION_CONTINUE_EXECUTION) failed: Unexpected result from topLevelExceptionFilter
#
# JRE version: 7.0_25-b17
# Java VM: Java HotSpot(TM) 64-Bit Server VM (23.25-b01 mixed mode windows-amd64 compressed oops)
# Failed to write core dump. Minidumps are not enabled by default on client versions of Windows
#
# If you would like to submit a bug report, please visit:
#   http://bugreport.sun.com/bugreport/crash.jsp
#

---------------  T H R E A D  ---------------

Current thread (0x0000000012419800):  JavaThread "Daemon worker Thread 2" [_thread_in_Java, id=9484, stack(0x000000000f540000,0x000000000f640000)]

Stack: [0x000000000f540000,0x000000000f640000]

---------------  P R O C E S S  ---------------

Java Threads: ( => current thread )
  0x0000000010c5e000 JavaThread "Stdin handler" [_thread_blocked, id=7440, stack(0x000000000f640000,0x000000000f740000)]
=>0x0000000012419800 JavaThread "Daemon worker Thread 2" [_thread_in_Java, id=9484, stack(0x000000000f540000,0x000000000f640000)]
  0x000000000e9d6800 JavaThread "Cancel handler" [_thread_blocked, id=9412, stack(0x000000000f440000,0x000000000f540000)]
  0x00000000112ef800 JavaThread "Handler for socket connection from /127.0.0.1:54533 to /127.0.0.1:56074" [_thread_in_native, id=10224, stack(0x000000000f340000,0x000000000f440000)]
  0x000000000ec34000 JavaThread "Daemon Thread 2" [_thread_blocked, id=9424, stack(0x000000000f240000,0x000000000f340000)]
  0x000000000ebec800 JavaThread "File lock request listener" [_thread_in_native, id=7788, stack(0x000000000f740000,0x000000000f840000)]
  0x000000000e9ce800 JavaThread "Incoming local TCP Connector on port 54533" [_thread_in_native, id=5168, stack(0x000000000f140000,0x000000000f240000)]
  0x000000000c7b7000 JavaThread "Service Thread" daemon [_thread_blocked, id=9040, stack(0x000000000df50000,0x000000000e050000)]
  0x000000000c7a6000 JavaThread "C2 CompilerThread1" daemon [_thread_blocked, id=9096, stack(0x000000000de50000,0x000000000df50000)]
  0x000000000c7a1000 JavaThread "C2 CompilerThread0" daemon [_thread_blocked, id=9004, stack(0x000000000dd50000,0x000000000de50000)]
  0x000000000c79f800 JavaThread "Attach Listener" daemon [_thread_blocked, id=32, stack(0x000000000dc50000,0x000000000dd50000)]
  0x000000000c79c800 JavaThread "Signal Dispatcher" daemon [_thread_blocked, id=9060, stack(0x000000000db50000,0x000000000dc50000)]
  0x000000000c738800 JavaThread "Finalizer" daemon [_thread_blocked, id=4232, stack(0x000000000da50000,0x000000000db50000)]
  0x000000000c72f800 JavaThread "Reference Handler" daemon [_thread_blocked, id=7184, stack(0x000000000d950000,0x000000000da50000)]
  0x000000000259e000 JavaThread "main" [_thread_blocked, id=5940, stack(0x0000000002280000,0x0000000002380000)]

Other Threads:
  0x000000000c727000 VMThread [stack: 0x000000000d850000,0x000000000d950000] [id=8856]
  0x000000000c7c0000 WatcherThread [stack: 0x000000000e050000,0x000000000e150000] [id=1752]

VM state:not at safepoint (normal execution)

VM Mutex/Monitor currently owned by a thread: None

Heap
 PSYoungGen      total 528832K, used 119604K [0x00000007d5560000, 0x00000007f6e10000, 0x0000000800000000)
  eden space 508352K, 23% used [0x00000007d5560000,0x00000007dca2d058,0x00000007f45d0000)
  from space 20480K, 0% used [0x00000007f5a10000,0x00000007f5a10000,0x00000007f6e10000)
  to   space 20608K, 0% used [0x00000007f45d0000,0x00000007f45d0000,0x00000007f59f0000)
 ParOldGen       total 84224K, used 43435K [0x0000000780000000, 0x0000000785240000, 0x00000007d5560000)
  object space 84224K, 51% used [0x0000000780000000,0x0000000782a6ad18,0x0000000785240000)
 PSPermGen       total 95616K, used 47638K [0x0000000760000000, 0x0000000765d60000, 0x0000000780000000)
  object space 95616K, 49% used [0x0000000760000000,0x0000000762e85bd0,0x0000000765d60000)

Card table byte_map: [0x00000000055a0000,0x0000000005ab0000] byte_map_base: 0x0000000001aa0000

Polling page: 0x0000000000ab0000

Code Cache  [0x00000000025a0000, 0x0000000002a00000, 0x00000000055a0000)
 total_blobs=1528 nmethods=889 adapters=589 free_code_cache=44850Kb largest_free_block=45772672

Compilation events (10 events):
Event: 4078.315 Thread 0x000000000c7a1000  955             java.io.ObjectOutputStream$HandleTable::insert (39 bytes)
Event: 4078.519 Thread 0x000000000c7a1000 nmethod 955 0x00000000029ac0d0 code [0x00000000029ac220, 0x00000000029ac408]
Event: 4078.540 Thread 0x000000000c7a6000  956   !         org.gradle.listener.BroadcastDispatch::dispatch (147 bytes)
Event: 4078.709 Thread 0x000000000c7a6000 nmethod 956 0x00000000027a7d90 code [0x00000000027a7fa0, 0x00000000027a8a10]
Event: 4079.559 Thread 0x000000000c7a1000  957             java.nio.HeapByteBuffer::ix (7 bytes)
Event: 4079.561 Thread 0x000000000c7a1000 nmethod 957 0x00000000029b9e50 code [0x00000000029b9f80, 0x00000000029b9fd8]
Event: 4082.648 Thread 0x000000000c7a6000  958             java.io.ObjectOutputStream$BlockDataOutputStream::setBlockDataMode (35 bytes)
Event: 4082.658 Thread 0x000000000c7a6000 nmethod 958 0x00000000029bac90 code [0x00000000029bae00, 0x00000000029bafe8]
Event: 4083.317 Thread 0x000000000c7a1000  959             groovyjarjarantlr.ANTLRHashString::equals (152 bytes)
Event: 4083.556 Thread 0x000000000c7a1000 nmethod 959 0x00000000029b31d0 code [0x00000000029b3360, 0x00000000029b3d58]

GC Heap History (10 events):
Event: 94.023 GC heap before
{Heap before GC invocations=11 (full 0):
 PSYoungGen      total 208448K, used 208427K [0x00000007d5560000, 0x00000007e33a0000, 0x0000000800000000)
  eden space 198720K, 100% used [0x00000007d5560000,0x00000007e1770000,0x00000007e1770000)
  from space 9728K, 99% used [0x00000007e2400000,0x00000007e2d7ac38,0x00000007e2d80000)
  to   space 12864K, 0% used [0x00000007e1770000,0x00000007e1770000,0x00000007e2400000)
 ParOldGen       total 84224K, used 18449K [0x0000000780000000, 0x0000000785240000, 0x00000007d5560000)
  object space 84224K, 21% used [0x0000000780000000,0x0000000781204538,0x0000000785240000)
 PSPermGen       total 30464K, used 30292K [0x0000000760000000, 0x0000000761dc0000, 0x0000000780000000)
  object space 30464K, 99% used [0x0000000760000000,0x0000000761d95278,0x0000000761dc0000)
Event: 94.120 GC heap after
Heap after GC invocations=11 (full 0):
 PSYoungGen      total 211584K, used 3198K [0x00000007d5560000, 0x00000007ea4e0000, 0x0000000800000000)
  eden space 198720K, 0% used [0x00000007d5560000,0x00000007d5560000,0x00000007e1770000)
  from space 12864K, 24% used [0x00000007e1770000,0x00000007e1a8f928,0x00000007e2400000)
  to   space 12800K, 0% used [0x00000007e9860000,0x00000007e9860000,0x00000007ea4e0000)
 ParOldGen       total 84224K, used 26902K [0x0000000780000000, 0x0000000785240000, 0x00000007d5560000)
  object space 84224K, 31% used [0x0000000780000000,0x0000000781a45858,0x0000000785240000)
 PSPermGen       total 30464K, used 30292K [0x0000000760000000, 0x0000000761dc0000, 0x0000000780000000)
  object space 30464K, 99% used [0x0000000760000000,0x0000000761d95278,0x0000000761dc0000)
}
Event: 101.906 GC heap before
{Heap before GC invocations=12 (full 0):
 PSYoungGen      total 211584K, used 201918K [0x00000007d5560000, 0x00000007ea4e0000, 0x0000000800000000)
  eden space 198720K, 100% used [0x00000007d5560000,0x00000007e1770000,0x00000007e1770000)
  from space 12864K, 24% used [0x00000007e1770000,0x00000007e1a8f928,0x00000007e2400000)
  to   space 12800K, 0% used [0x00000007e9860000,0x00000007e9860000,0x00000007ea4e0000)
 ParOldGen       total 84224K, used 26902K [0x0000000780000000, 0x0000000785240000, 0x00000007d5560000)
  object space 84224K, 31% used [0x0000000780000000,0x0000000781a45858,0x0000000785240000)
 PSPermGen       total 30464K, used 30352K [0x0000000760000000, 0x0000000761dc0000, 0x0000000780000000)
  object space 30464K, 99% used [0x0000000760000000,0x0000000761da4290,0x0000000761dc0000)
Event: 101.999 GC heap after
Heap after GC invocations=12 (full 0):
 PSYoungGen      total 330496K, used 928K [0x00000007d5560000, 0x00000007ea560000, 0x0000000800000000)
  eden space 317696K, 0% used [0x00000007d5560000,0x00000007d5560000,0x00000007e8ba0000)
  from space 12800K, 7% used [0x00000007e9860000,0x00000007e9948020,0x00000007ea4e0000)
  to   space 13056K, 0% used [0x00000007e8ba0000,0x00000007e8ba0000,0x00000007e9860000)
 ParOldGen       total 84224K, used 29424K [0x0000000780000000, 0x0000000785240000, 0x00000007d5560000)
  object space 84224K, 34% used [0x0000000780000000,0x0000000781cbc368,0x0000000785240000)
 PSPermGen       total 30464K, used 30352K [0x0000000760000000, 0x0000000761dc0000, 0x0000000780000000)
  object space 30464K, 99% used [0x0000000760000000,0x0000000761da4290,0x0000000761dc0000)
}
Event: 136.860 GC heap before
{Heap before GC invocations=13 (full 0):
 PSYoungGen      total 330496K, used 318624K [0x00000007d5560000, 0x00000007ea560000, 0x0000000800000000)
  eden space 317696K, 100% used [0x00000007d5560000,0x00000007e8ba0000,0x00000007e8ba0000)
  from space 12800K, 7% used [0x00000007e9860000,0x00000007e9948020,0x00000007ea4e0000)
  to   space 13056K, 0% used [0x00000007e8ba0000,0x00000007e8ba0000,0x00000007e9860000)
 ParOldGen       total 84224K, used 29424K [0x0000000780000000, 0x0000000785240000, 0x00000007d5560000)
  object space 84224K, 34% used [0x0000000780000000,0x0000000781cbc368,0x0000000785240000)
 PSPermGen       total 41984K, used 41808K [0x0000000760000000, 0x0000000762900000, 0x0000000780000000)
  object space 41984K, 99% used [0x0000000760000000,0x00000007628d43c0,0x0000000762900000)
Event: 137.420 GC heap after
Heap after GC invocations=13 (full 0):
 PSYoungGen      total 330752K, used 13029K [0x00000007d5560000, 0x00000007f6e50000, 0x0000000800000000)
  eden space 317696K, 0% used [0x00000007d5560000,0x00000007d5560000,0x00000007e8ba0000)
  from space 13056K, 99% used [0x00000007e8ba0000,0x00000007e98594b8,0x00000007e9860000)
  to   space 20736K, 0% used [0x00000007f5a10000,0x00000007f5a10000,0x00000007f6e50000)
 ParOldGen       total 84224K, used 44742K [0x0000000780000000, 0x0000000785240000, 0x00000007d5560000)
  object space 84224K, 53% used [0x0000000780000000,0x0000000782bb1b68,0x0000000785240000)
 PSPermGen       total 41984K, used 41808K [0x0000000760000000, 0x0000000762900000, 0x0000000780000000)
  object space 41984K, 99% used [0x0000000760000000,0x00000007628d43c0,0x0000000762900000)
}
Event: 163.185 GC heap before
{Heap before GC invocations=14 (full 0):
 PSYoungGen      total 330752K, used 116363K [0x00000007d5560000, 0x00000007f6e50000, 0x0000000800000000)
  eden space 317696K, 32% used [0x00000007d5560000,0x00000007dba49838,0x00000007e8ba0000)
  from space 13056K, 99% used [0x00000007e8ba0000,0x00000007e98594b8,0x00000007e9860000)
  to   space 20736K, 0% used [0x00000007f5a10000,0x00000007f5a10000,0x00000007f6e50000)
 ParOldGen       total 84224K, used 44742K [0x0000000780000000, 0x0000000785240000, 0x00000007d5560000)
  object space 84224K, 53% used [0x0000000780000000,0x0000000782bb1b68,0x0000000785240000)
 PSPermGen       total 47936K, used 47849K [0x0000000760000000, 0x0000000762ed0000, 0x0000000780000000)
  object space 47936K, 99% used [0x0000000760000000,0x0000000762eba6f0,0x0000000762ed0000)
Event: 163.601 GC heap after
Heap after GC invocations=14 (full 0):
 PSYoungGen      total 528832K, used 11102K [0x00000007d5560000, 0x00000007f6e10000, 0x0000000800000000)
  eden space 508352K, 0% used [0x00000007d5560000,0x00000007d5560000,0x00000007f45d0000)
  from space 20480K, 54% used [0x00000007f5a10000,0x00000007f64e7828,0x00000007f6e10000)
  to   space 20608K, 0% used [0x00000007f45d0000,0x00000007f45d0000,0x00000007f59f0000)
 ParOldGen       total 84224K, used 57684K [0x0000000780000000, 0x0000000785240000, 0x00000007d5560000)
  object space 84224K, 68% used [0x0000000780000000,0x0000000783855150,0x0000000785240000)
 PSPermGen       total 47936K, used 47849K [0x0000000760000000, 0x0000000762ed0000, 0x0000000780000000)
  object space 47936K, 99% used [0x0000000760000000,0x0000000762eba6f0,0x0000000762ed0000)
}
Event: 163.601 GC heap before
{Heap before GC invocations=15 (full 1):
 PSYoungGen      total 528832K, used 11102K [0x00000007d5560000, 0x00000007f6e10000, 0x0000000800000000)
  eden space 508352K, 0% used [0x00000007d5560000,0x00000007d5560000,0x00000007f45d0000)
  from space 20480K, 54% used [0x00000007f5a10000,0x00000007f64e7828,0x00000007f6e10000)
  to   space 20608K, 0% used [0x00000007f45d0000,0x00000007f45d0000,0x00000007f59f0000)
 ParOldGen       total 84224K, used 57684K [0x0000000780000000, 0x0000000785240000, 0x00000007d5560000)
  object space 84224K, 68% used [0x0000000780000000,0x0000000783855150,0x0000000785240000)
 PSPermGen       total 47936K, used 47849K [0x0000000760000000, 0x0000000762ed0000, 0x0000000780000000)
  object space 47936K, 99% used [0x0000000760000000,0x0000000762eba6f0,0x0000000762ed0000)
Event: 168.482 GC heap after
Heap after GC invocations=15 (full 1):
 PSYoungGen      total 528832K, used 0K [0x00000007d5560000, 0x00000007f6e10000, 0x0000000800000000)
  eden space 508352K, 0% used [0x00000007d5560000,0x00000007d5560000,0x00000007f45d0000)
  from space 20480K, 0% used [0x00000007f5a10000,0x00000007f5a10000,0x00000007f6e10000)
  to   space 20608K, 0% used [0x00000007f45d0000,0x00000007f45d0000,0x00000007f59f0000)
 ParOldGen       total 84224K, used 43435K [0x0000000780000000, 0x0000000785240000, 0x00000007d5560000)
  object space 84224K, 51% used [0x0000000780000000,0x0000000782a6ad18,0x0000000785240000)
 PSPermGen       total 95616K, used 47502K [0x0000000760000000, 0x0000000765d60000, 0x0000000780000000)
  object space 95616K, 49% used [0x0000000760000000,0x0000000762e63988,0x0000000765d60000)
}

Deoptimization events (10 events):
Event: 160.791 Thread 0x000000000e16f000 Uncommon trap -34 fr.pc 0x0000000002875d08
Event: 163.141 Thread 0x000000000e16f000 Uncommon trap -83 fr.pc 0x00000000027bc3e8
Event: 168.485 Thread 0x000000000e16f000 Uncommon trap -83 fr.pc 0x0000000002690114
Event: 168.614 Thread 0x000000000e9d6800 Uncommon trap -34 fr.pc 0x00000000029acbcc
Event: 168.615 Thread 0x000000000e9d6800 Uncommon trap -34 fr.pc 0x00000000029acbcc
Event: 168.615 Thread 0x000000000e9d6800 Uncommon trap -34 fr.pc 0x00000000029acbcc
Event: 168.615 Thread 0x000000000e9d6800 Uncommon trap -34 fr.pc 0x00000000029acbcc
Event: 4078.302 Thread 0x000000000ec34000 Uncommon trap -83 fr.pc 0x00000000027bba04
Event: 4079.424 Thread 0x0000000012419800 Uncommon trap -34 fr.pc 0x00000000027a5ec8
Event: 4085.503 Thread 0x0000000012419800 Uncommon trap -83 fr.pc 0x00000000027d4140

Internal exceptions (10 events):
Event: 4086.015 Thread 0x0000000012419800 Threw 0x00000007dc580ba0 at C:\jdk7u2_64p\jdk7u25\hotspot\src\share\vm\prims\jvm.cpp:1235
Event: 4086.018 Thread 0x0000000012419800 Threw 0x00000007dc592b80 at C:\jdk7u2_64p\jdk7u25\hotspot\src\share\vm\prims\jvm.cpp:1235
Event: 4086.022 Thread 0x0000000012419800 Threw 0x00000007dc5a53b0 at C:\jdk7u2_64p\jdk7u25\hotspot\src\share\vm\prims\jvm.cpp:1235
Event: 4086.024 Thread 0x0000000012419800 Threw 0x00000007dc5b4400 at C:\jdk7u2_64p\jdk7u25\hotspot\src\share\vm\prims\jvm.cpp:1235
Event: 4086.028 Thread 0x0000000012419800 Threw 0x00000007dc5c6320 at C:\jdk7u2_64p\jdk7u25\hotspot\src\share\vm\prims\jvm.cpp:1235
Event: 4086.031 Thread 0x0000000012419800 Threw 0x00000007dc5d8d40 at C:\jdk7u2_64p\jdk7u25\hotspot\src\share\vm\prims\jvm.cpp:1235
Event: 4086.034 Thread 0x0000000012419800 Threw 0x00000007dc5e9708 at C:\jdk7u2_64p\jdk7u25\hotspot\src\share\vm\prims\jvm.cpp:1235
Event: 4086.037 Thread 0x0000000012419800 Threw 0x00000007dc5fae28 at C:\jdk7u2_64p\jdk7u25\hotspot\src\share\vm\prims\jvm.cpp:1235
Event: 4086.039 Thread 0x0000000012419800 Threw 0x00000007dc6078f0 at C:\jdk7u2_64p\jdk7u25\hotspot\src\share\vm\prims\jvm.cpp:1235
Event: 4086.042 Thread 0x0000000012419800 Threw 0x00000007dc616098 at C:\jdk7u2_64p\jdk7u25\hotspot\src\share\vm\prims\jvm.cpp:1235

Events (10 events):
Event: 4082.444 Executing VM operation: RevokeBias
Event: 4082.444 Executing VM operation: RevokeBias done
Event: 4082.444 Executing VM operation: RevokeBias
Event: 4082.444 Executing VM operation: RevokeBias done
Event: 4082.455 loading class 0x000000000ee20060
Event: 4082.455 loading class 0x000000000ee20060 done
Event: 4082.476 loading class 0x00000000112dac50
Event: 4082.476 loading class 0x00000000112dac50 done
Event: 4085.503 Thread 0x0000000012419800 DEOPT PACKING pc=0x00000000027d4140 sp=0x000000000f63c560
Event: 4085.503 Thread 0x0000000012419800 DEOPT UNPACKING pc=0x00000000025d9164 sp=0x000000000f63c508 mode 2


Dynamic libraries:
0x00007ff79c6b0000 - 0x00007ff79c6e3000 	C:\Program Files\Java\jdk1.7.0_25\bin\java.exe
0x00007ffba6bb0000 - 0x00007ffba6d5c000 	C:\WINDOWS\SYSTEM32\ntdll.dll
0x00007ffba4f90000 - 0x00007ffba50ce000 	C:\WINDOWS\system32\KERNEL32.DLL
0x00007ffba3e30000 - 0x00007ffba3f45000 	C:\WINDOWS\system32\KERNELBASE.dll
0x00007ffba26f0000 - 0x00007ffba277e000 	C:\WINDOWS\system32\apphelp.dll
0x00007ffb95cd0000 - 0x00007ffb95d23000 	C:\WINDOWS\AppPatch\AppPatch64\AcGenral.DLL
0x00007ffba50d0000 - 0x00007ffba517a000 	C:\WINDOWS\system32\msvcrt.dll
0x00007ffba3ad0000 - 0x00007ffba3afe000 	C:\WINDOWS\SYSTEM32\SspiCli.dll
0x00007ffba4470000 - 0x00007ffba44c4000 	C:\WINDOWS\system32\SHLWAPI.dll
0x00007ffba4870000 - 0x00007ffba49e7000 	C:\WINDOWS\system32\USER32.dll
0x00007ffba52f0000 - 0x00007ffba5484000 	C:\WINDOWS\system32\ole32.dll
0x00007ffba5490000 - 0x00007ffba69a8000 	C:\WINDOWS\system32\SHELL32.dll
0x00007ffba32a0000 - 0x00007ffba32c1000 	C:\WINDOWS\SYSTEM32\USERENV.dll
0x00007ffba46f0000 - 0x00007ffba479a000 	C:\WINDOWS\system32\ADVAPI32.dll
0x00007ffb97720000 - 0x00007ffb9773e000 	C:\WINDOWS\SYSTEM32\MPR.dll
0x00007ffba4e40000 - 0x00007ffba4f81000 	C:\WINDOWS\system32\RPCRT4.dll
0x00007ffba4a50000 - 0x00007ffba4aa9000 	C:\WINDOWS\SYSTEM32\sechost.dll
0x00007ffba44d0000 - 0x00007ffba46e1000 	C:\WINDOWS\SYSTEM32\combase.dll
0x00007ffba5180000 - 0x00007ffba52d1000 	C:\WINDOWS\system32\GDI32.dll
0x00007ffba3d00000 - 0x00007ffba3d15000 	C:\WINDOWS\SYSTEM32\profapi.dll
0x00007ffba2360000 - 0x00007ffba2412000 	C:\WINDOWS\SYSTEM32\SHCORE.dll
0x00007ffba4c50000 - 0x00007ffba4c86000 	C:\WINDOWS\system32\IMM32.DLL
0x00007ffba4300000 - 0x00007ffba4452000 	C:\WINDOWS\system32\MSCTF.dll
0x00007ffba1ee0000 - 0x00007ffba215b000 	C:\WINDOWS\WinSxS\amd64_microsoft.windows.common-controls_6595b64144ccf1df_6.0.9600.17415_none_6240486fecbd8abb\COMCTL32.dll
0x0000000070c90000 - 0x0000000070d61000 	C:\Program Files\Java\jdk1.7.0_25\jre\bin\msvcr100.dll
0x0000000071110000 - 0x000000007181f000 	C:\Program Files\Java\jdk1.7.0_25\jre\bin\server\jvm.dll
0x00007ffb99430000 - 0x00007ffb99439000 	C:\WINDOWS\SYSTEM32\WSOCK32.dll
0x00007ffba0950000 - 0x00007ffba0972000 	C:\WINDOWS\SYSTEM32\WINMM.dll
0x00007ffba4230000 - 0x00007ffba4237000 	C:\WINDOWS\system32\PSAPI.DLL
0x00007ffba49f0000 - 0x00007ffba4a4a000 	C:\WINDOWS\system32\WS2_32.dll
0x00007ffb9ebd0000 - 0x00007ffb9ebfa000 	C:\WINDOWS\SYSTEM32\WINMMBASE.dll
0x00007ffba52e0000 - 0x00007ffba52e9000 	C:\WINDOWS\system32\NSI.dll
0x00007ffba41e0000 - 0x00007ffba422f000 	C:\WINDOWS\SYSTEM32\cfgmgr32.dll
0x00007ffba2af0000 - 0x00007ffba2b18000 	C:\WINDOWS\SYSTEM32\DEVOBJ.dll
0x0000000071100000 - 0x000000007110f000 	C:\Program Files\Java\jdk1.7.0_25\jre\bin\verify.dll
0x00000000710d0000 - 0x00000000710f8000 	C:\Program Files\Java\jdk1.7.0_25\jre\bin\java.dll
0x00000000710b0000 - 0x00000000710c5000 	C:\Program Files\Java\jdk1.7.0_25\jre\bin\zip.dll
0x0000000071090000 - 0x00000000710a9000 	C:\Program Files\Java\jdk1.7.0_25\jre\bin\net.dll
0x00007ffba3510000 - 0x00007ffba3569000 	C:\WINDOWS\system32\mswsock.dll
0x0000000071070000 - 0x0000000071081000 	C:\Program Files\Java\jdk1.7.0_25\jre\bin\nio.dll
0x00007ffba3570000 - 0x00007ffba3590000 	C:\WINDOWS\SYSTEM32\CRYPTSP.dll
0x00007ffba3190000 - 0x00007ffba31c6000 	C:\WINDOWS\system32\rsaenh.dll
0x00007ffba37c0000 - 0x00007ffba37e6000 	C:\WINDOWS\SYSTEM32\bcrypt.dll
0x00007ffba3b00000 - 0x00007ffba3b63000 	C:\WINDOWS\system32\bcryptprimitives.dll
0x00007ffba3b70000 - 0x00007ffba3b7b000 	C:\WINDOWS\SYSTEM32\CRYPTBASE.dll
0x00007ffb97a30000 - 0x00007ffb97a45000 	C:\WINDOWS\system32\napinsp.dll
0x00007ffb97f80000 - 0x00007ffb97f9a000 	C:\WINDOWS\system32\pnrpnsp.dll
0x00007ffba0910000 - 0x00007ffba092b000 	C:\WINDOWS\system32\NLAapi.dll
0x00007ffba3310000 - 0x00007ffba33b4000 	C:\WINDOWS\SYSTEM32\DNSAPI.dll
0x00007ffb97fa0000 - 0x00007ffb97fad000 	C:\WINDOWS\System32\winrnr.dll
0x00007ffb97f00000 - 0x00007ffb97f14000 	C:\WINDOWS\system32\wshbth.dll
0x00007ffb9ad50000 - 0x00007ffb9ad5a000 	C:\Windows\System32\rasadhlp.dll
0x00007ffb9e080000 - 0x00007ffb9e0aa000 	C:\WINDOWS\SYSTEM32\IPHLPAPI.DLL
0x00007ffb9ea80000 - 0x00007ffb9ea8a000 	C:\WINDOWS\SYSTEM32\WINNSI.DLL
0x00007ffb9da90000 - 0x00007ffb9dafb000 	C:\WINDOWS\System32\fwpuclnt.dll
0x00007ffb9d090000 - 0x00007ffb9d0a2000 	C:\Users\Florian\AppData\Local\Temp\native-platform3600813754653069537dir\native-platform.dll
0x00007ffb9d450000 - 0x00007ffb9d466000 	C:\WINDOWS\SYSTEM32\dhcpcsvc6.DLL
0x00007ffb9d670000 - 0x00007ffb9d68a000 	C:\WINDOWS\SYSTEM32\dhcpcsvc.DLL
0x0000000070db0000 - 0x0000000070dd4000 	C:\Program Files\Java\jdk1.7.0_25\jre\bin\sunec.dll
0x0000000070da0000 - 0x0000000070dab000 	C:\Program Files\Java\jdk1.7.0_25\jre\bin\sunmscapi.dll
0x00007ffba4000000 - 0x00007ffba41df000 	C:\WINDOWS\system32\CRYPT32.dll
0x00007ffba3db0000 - 0x00007ffba3dc1000 	C:\WINDOWS\system32\MSASN1.dll

VM Arguments:
jvm_args: -XX:MaxPermSize=256m -XX:+HeapDumpOnOutOfMemoryError -XX:MaxPermSize=512m -Xmx2048m -Dfile.encoding=windows-1252 -Duser.country=DE -Duser.language=de -Duser.variant 
java_command: org.gradle.launcher.daemon.bootstrap.GradleDaemon 2.2.1 C:\Users\Florian\.gradle\daemon 10800000 1d94b56c-f792-4aa3-aee0-0f1493877642 -XX:MaxPermSize=256m -XX:+HeapDumpOnOutOfMemoryError -XX:MaxPermSize=512m -Xmx2048m -Dfile.encoding=windows-1252 -Duser.country=DE -Duser.language=de -Duser.variant
Launcher Type: SUN_STANDARD

Environment Variables:
JAVA_HOME=C:\Program Files\Java\jdk1.7.0_25
PATH=C:\Program Files (x86)\NVIDIA Corporation\PhysX\Common;C:\Program Files (x86)\Intel\iCLS Client\;C:\Program Files\Intel\iCLS Client\;C:\WINDOWS\system32;C:\WINDOWS;C:\WINDOWS\System32\Wbem;C:\WINDOWS\System32\WindowsPowerShell\v1.0\;C:\Program Files\Intel\WiFi\bin\;C:\Program Files\Common Files\Intel\WirelessCommon\;C:\Program Files\Intel\Intel(R) Management Engine Components\DAL;C:\Program Files\Intel\Intel(R) Management Engine Components\IPT;C:\Program Files (x86)\Intel\Intel(R) Management Engine Components\DAL;C:\Program Files (x86)\Intel\Intel(R) Management Engine Components\IPT;C:\Program Files (x86)\Intel\OpenCL SDK\2.0\bin\x86;C:\Program Files (x86)\Intel\OpenCL SDK\2.0\bin\x64;C:\Program Files\Condusiv Technologies\ExpressCache\;C:\Program Files (x86)\Windows Live\Shared;C:\Program Files (x86)\GNU\GnuPG\pub;C:\Program Files (x86)\GNU\GnuPG1\pub;C:\Program Files (x86)\Git\cmd;C:\Program Files (x86)\MiKTeX 2.9\miktex\bin\;C:\Program Files (x86)\Apache Software Foundation\apache-maven-3.2.3\bin;C:\Program Files (x86)\Gradle\gradle-2.2.1\bin;C:\Program Files\TortoiseSVN\bin;C:\Program Files\nodejs\;C:\Program Files (x86)\GTK2-Runtime\bin;C:\Users\Florian\AppData\Roaming\npm
USERNAME=Florian
OS=Windows_NT
PROCESSOR_IDENTIFIER=Intel64 Family 6 Model 58 Stepping 9, GenuineIntel



---------------  S Y S T E M  ---------------

OS: Windows 8 , 64 bit Build 9200 

CPU:total 4 (2 cores per cpu, 2 threads per core) family 6 model 58 stepping 9, cmov, cx8, fxsr, mmx, sse, sse2, sse3, ssse3, sse4.1, sse4.2, popcnt, avx, ht, tsc, tscinvbit, tscinv

Memory: 4k page, physical 8082976k(3219524k free), swap 16209444k(7780396k free)

vm_info: Java HotSpot(TM) 64-Bit Server VM (23.25-b01) for windows-amd64 JRE (1.7.0_25-b17), built on Jun 21 2013 12:58:32 by "java_re" with unknown MS VC++:1600

time: Thu Apr 30 01:19:57 2015
elapsed time: 4086 seconds

